# JRE version: OpenJDK Runtime Environment (8.0_152-b01) (build 1.8.0_152-release-1248-b01)
# Java VM: OpenJDK 64-Bit Server VM (25.152-b01 mixed mode windows-amd64 compressed oops)
Heap:
 PSYoungGen      total 144384K, used 23073K [0x00000000e0000000, 0x00000000ed880000, 0x0000000100000000)
  eden space 131072K, 17% used [0x00000000e0000000,0x00000000e16887a0,0x00000000e8000000)
  from space 13312K, 0% used [0x00000000e8000000,0x00000000e8000000,0x00000000e8d00000)
  to   space 13824K, 0% used [0x00000000e8d00000,0x00000000e8d00000,0x00000000e9a80000)
 ParOldGen       total 156672K, used 16265K [0x00000000a0000000, 0x00000000a9900000, 0x00000000e0000000)
  object space 156672K, 10% used [0x00000000a0000000,0x00000000a0fe2598,0x00000000a9900000)
 Metaspace       used 38982K, capacity 39752K, committed 39936K, reserved 1091584K
  class space    used 5320K, capacity 5598K, committed 5632K, reserved 1048576K
GC Heap History (10 events):
Event: 9.913 GC heap before
{Heap before GC invocations=6 (full 1):
 PSYoungGen      total 102400K, used 101907K [0x00000000e0000000, 0x00000000e9200000, 0x0000000100000000)
  eden space 94720K, 100% used [0x00000000e0000000,0x00000000e5c80000,0x00000000e5c80000)
  from space 7680K, 93% used [0x00000000e8a80000,0x00000000e9184e30,0x00000000e9200000)
  to   space 10752K, 0% used [0x00000000e7d00000,0x00000000e7d00000,0x00000000e8780000)
 ParOldGen       total 113152K, used 10181K [0x00000000a0000000, 0x00000000a6e80000, 0x00000000e0000000)
  object space 113152K, 8% used [0x00000000a0000000,0x00000000a09f1748,0x00000000a6e80000)
 Metaspace       used 32313K, capacity 33004K, committed 33280K, reserved 1077248K
  class space    used 4495K, capacity 4737K, committed 4864K, reserved 1048576K
Event: 9.919 GC heap after
Heap after GC invocations=6 (full 1):
 PSYoungGen      total 138752K, used 10723K [0x00000000e0000000, 0x00000000e9a80000, 0x0000000100000000)
  eden space 128000K, 0% used [0x00000000e0000000,0x00000000e0000000,0x00000000e7d00000)
  from space 10752K, 99% used [0x00000000e7d00000,0x00000000e8778d70,0x00000000e8780000)
  to   space 13824K, 0% used [0x00000000e8d00000,0x00000000e8d00000,0x00000000e9a80000)
 ParOldGen       total 113152K, used 11271K [0x00000000a0000000, 0x00000000a6e80000, 0x00000000e0000000)
  object space 113152K, 9% used [0x00000000a0000000,0x00000000a0b01fa8,0x00000000a6e80000)
 Metaspace       used 32313K, capacity 33004K, committed 33280K, reserved 1077248K
  class space    used 4495K, capacity 4737K, committed 4864K, reserved 1048576K
}
Event: 10.024 GC heap before
{Heap before GC invocations=7 (full 1):
 PSYoungGen      total 138752K, used 19665K [0x00000000e0000000, 0x00000000e9a80000, 0x0000000100000000)
  eden space 128000K, 6% used [0x00000000e0000000,0x00000000e08bb890,0x00000000e7d00000)
  from space 10752K, 99% used [0x00000000e7d00000,0x00000000e8778d70,0x00000000e8780000)
  to   space 13824K, 0% used [0x00000000e8d00000,0x00000000e8d00000,0x00000000e9a80000)
 ParOldGen       total 113152K, used 11271K [0x00000000a0000000, 0x00000000a6e80000, 0x00000000e0000000)
  object space 113152K, 9% used [0x00000000a0000000,0x00000000a0b01fa8,0x00000000a6e80000)
 Metaspace       used 34563K, capacity 35262K, committed 35416K, reserved 1079296K
  class space    used 4803K, capacity 5065K, committed 5120K, reserved 1048576K
Event: 10.027 GC heap after
Heap after GC invocations=7 (full 1):
 PSYoungGen      total 144896K, used 8115K [0x00000000e0000000, 0x00000000ed880000, 0x0000000100000000)
  eden space 131072K, 0% used [0x00000000e0000000,0x00000000e0000000,0x00000000e8000000)
  from space 13824K, 58% used [0x00000000e8d00000,0x00000000e94ecce8,0x00000000e9a80000)
  to   space 13312K, 0% used [0x00000000e8000000,0x00000000e8000000,0x00000000e8d00000)
 ParOldGen       total 113152K, used 11279K [0x00000000a0000000, 0x00000000a6e80000, 0x00000000e0000000)
  object space 113152K, 9% used [0x00000000a0000000,0x00000000a0b03fa8,0x00000000a6e80000)
 Metaspace       used 34563K, capacity 35262K, committed 35416K, reserved 1079296K
  class space    used 4803K, capacity 5065K, committed 5120K, reserved 1048576K
}
Event: 10.027 GC heap before
{Heap before GC invocations=8 (full 2):
 PSYoungGen      total 144896K, used 8115K [0x00000000e0000000, 0x00000000ed880000, 0x0000000100000000)
  eden space 131072K, 0% used [0x00000000e0000000,0x00000000e0000000,0x00000000e8000000)
  from space 13824K, 58% used [0x00000000e8d00000,0x00000000e94ecce8,0x00000000e9a80000)
  to   space 13312K, 0% used [0x00000000e8000000,0x00000000e8000000,0x00000000e8d00000)
 ParOldGen       total 113152K, used 11279K [0x00000000a0000000, 0x00000000a6e80000, 0x00000000e0000000)
  object space 113152K, 9% used [0x00000000a0000000,0x00000000a0b03fa8,0x00000000a6e80000)
 Metaspace       used 34563K, capacity 35262K, committed 35416K, reserved 1079296K
  class space    used 4803K, capacity 5065K, committed 5120K, reserved 1048576K
Event: 10.056 GC heap after
Heap after GC invocations=8 (full 2):
 PSYoungGen      total 144896K, used 0K [0x00000000e0000000, 0x00000000ed880000, 0x0000000100000000)
  eden space 131072K, 0% used [0x00000000e0000000,0x00000000e0000000,0x00000000e8000000)
  from space 13824K, 0% used [0x00000000e8d00000,0x00000000e8d00000,0x00000000e9a80000)
  to   space 13312K, 0% used [0x00000000e8000000,0x00000000e8000000,0x00000000e8d00000)
 ParOldGen       total 156672K, used 15257K [0x00000000a0000000, 0x00000000a9900000, 0x00000000e0000000)
  object space 156672K, 9% used [0x00000000a0000000,0x00000000a0ee6740,0x00000000a9900000)
 Metaspace       used 34563K, capacity 35262K, committed 35416K, reserved 1079296K
  class space    used 4803K, capacity 5065K, committed 5120K, reserved 1048576K
}
Event: 10.154 GC heap before
{Heap before GC invocations=9 (full 2):
 PSYoungGen      total 144896K, used 14153K [0x00000000e0000000, 0x00000000ed880000, 0x0000000100000000)
  eden space 131072K, 10% used [0x00000000e0000000,0x00000000e0dd24d0,0x00000000e8000000)
  from space 13824K, 0% used [0x00000000e8d00000,0x00000000e8d00000,0x00000000e9a80000)
  to   space 13312K, 0% used [0x00000000e8000000,0x00000000e8000000,0x00000000e8d00000)
 ParOldGen       total 156672K, used 15257K [0x00000000a0000000, 0x00000000a9900000, 0x00000000e0000000)
  object space 156672K, 9% used [0x00000000a0000000,0x00000000a0ee6740,0x00000000a9900000)
 Metaspace       used 36500K, capacity 37142K, committed 37376K, reserved 1091584K
  class space    used 5010K, capacity 5267K, committed 5376K, reserved 1048576K
Event: 10.156 GC heap after
Heap after GC invocations=9 (full 2):
 PSYoungGen      total 144384K, used 2031K [0x00000000e0000000, 0x00000000ed880000, 0x0000000100000000)
  eden space 131072K, 0% used [0x00000000e0000000,0x00000000e0000000,0x00000000e8000000)
  from space 13312K, 15% used [0x00000000e8000000,0x00000000e81fbf20,0x00000000e8d00000)
  to   space 13824K, 0% used [0x00000000e8d00000,0x00000000e8d00000,0x00000000e9a80000)
 ParOldGen       total 156672K, used 15265K [0x00000000a0000000, 0x00000000a9900000, 0x00000000e0000000)
  object space 156672K, 9% used [0x00000000a0000000,0x00000000a0ee8740,0x00000000a9900000)
 Metaspace       used 36500K, capacity 37142K, committed 37376K, reserved 1091584K
  class space    used 5010K, capacity 5267K, committed 5376K, reserved 1048576K
}
Event: 10.156 GC heap before
{Heap before GC invocations=10 (full 3):
 PSYoungGen      total 144384K, used 2031K [0x00000000e0000000, 0x00000000ed880000, 0x0000000100000000)
  eden space 131072K, 0% used [0x00000000e0000000,0x00000000e0000000,0x00000000e8000000)
  from space 13312K, 15% used [0x00000000e8000000,0x00000000e81fbf20,0x00000000e8d00000)
  to   space 13824K, 0% used [0x00000000e8d00000,0x00000000e8d00000,0x00000000e9a80000)
 ParOldGen       total 156672K, used 15265K [0x00000000a0000000, 0x00000000a9900000, 0x00000000e0000000)
  object space 156672K, 9% used [0x00000000a0000000,0x00000000a0ee8740,0x00000000a9900000)
 Metaspace       used 36500K, capacity 37142K, committed 37376K, reserved 1091584K
  class space    used 5010K, capacity 5267K, committed 5376K, reserved 1048576K
Event: 10.259 GC heap after
Heap after GC invocations=10 (full 3):
 PSYoungGen      total 144384K, used 0K [0x00000000e0000000, 0x00000000ed880000, 0x0000000100000000)
  eden space 131072K, 0% used [0x00000000e0000000,0x00000000e0000000,0x00000000e8000000)
  from space 13312K, 0% used [0x00000000e8000000,0x00000000e8000000,0x00000000e8d00000)
  to   space 13824K, 0% used [0x00000000e8d00000,0x00000000e8d00000,0x00000000e9a80000)
 ParOldGen       total 156672K, used 16265K [0x00000000a0000000, 0x00000000a9900000, 0x00000000e0000000)
  object space 156672K, 10% used [0x00000000a0000000,0x00000000a0fe2598,0x00000000a9900000)
 Metaspace       used 36500K, capacity 37142K, committed 37376K, reserved 1089536K
  class space    used 5010K, capacity 5267K, committed 5376K, reserved 1048576K
}

