# JRE version: OpenJDK Runtime Environment (8.0_152-b01) (build 1.8.0_152-release-1248-b01)
# Java VM: OpenJDK 64-Bit Server VM (25.152-b01 mixed mode windows-amd64 compressed oops)
Heap:
 PSYoungGen      total 141824K, used 120430K [0x00000000e0000000, 0x00000000f1500000, 0x0000000100000000)
  eden space 131072K, 91% used [0x00000000e0000000,0x00000000e759b8a8,0x00000000e8000000)
  from space 10752K, 0% used [0x00000000e8000000,0x00000000e8000000,0x00000000e8a80000)
  to   space 10752K, 0% used [0x00000000f0a80000,0x00000000f0a80000,0x00000000f1500000)
 ParOldGen       total 103936K, used 10179K [0x00000000a0000000, 0x00000000a6580000, 0x00000000e0000000)
  object space 103936K, 9% used [0x00000000a0000000,0x00000000a09f0d78,0x00000000a6580000)
 Metaspace       used 30227K, capacity 30812K, committed 31104K, reserved 1075200K
  class space    used 4187K, capacity 4391K, committed 4480K, reserved 1048576K
GC Heap History (8 events):
Event: 1.060 GC heap before
{Heap before GC invocations=1 (full 0):
 PSYoungGen      total 76288K, used 65536K [0x00000000e0000000, 0x00000000e5500000, 0x0000000100000000)
  eden space 65536K, 100% used [0x00000000e0000000,0x00000000e4000000,0x00000000e4000000)
  from space 10752K, 0% used [0x00000000e4a80000,0x00000000e4a80000,0x00000000e5500000)
  to   space 10752K, 0% used [0x00000000e4000000,0x00000000e4000000,0x00000000e4a80000)
 ParOldGen       total 175104K, used 0K [0x00000000a0000000, 0x00000000aab00000, 0x00000000e0000000)
  object space 175104K, 0% used [0x00000000a0000000,0x00000000a0000000,0x00000000aab00000)
 Metaspace       used 9152K, capacity 9416K, committed 9600K, reserved 1056768K
  class space    used 1211K, capacity 1328K, committed 1408K, reserved 1048576K
Event: 1.079 GC heap after
Heap after GC invocations=1 (full 0):
 PSYoungGen      total 76288K, used 7290K [0x00000000e0000000, 0x00000000e9500000, 0x0000000100000000)
  eden space 65536K, 0% used [0x00000000e0000000,0x00000000e0000000,0x00000000e4000000)
  from space 10752K, 67% used [0x00000000e4000000,0x00000000e471ea38,0x00000000e4a80000)
  to   space 10752K, 0% used [0x00000000e8a80000,0x00000000e8a80000,0x00000000e9500000)
 ParOldGen       total 175104K, used 16K [0x00000000a0000000, 0x00000000aab00000, 0x00000000e0000000)
  object space 175104K, 0% used [0x00000000a0000000,0x00000000a0004000,0x00000000aab00000)
 Metaspace       used 9152K, capacity 9416K, committed 9600K, reserved 1056768K
  class space    used 1211K, capacity 1328K, committed 1408K, reserved 1048576K
}
Event: 1.889 GC heap before
{Heap before GC invocations=2 (full 0):
 PSYoungGen      total 76288K, used 72826K [0x00000000e0000000, 0x00000000e9500000, 0x0000000100000000)
  eden space 65536K, 100% used [0x00000000e0000000,0x00000000e4000000,0x00000000e4000000)
  from space 10752K, 67% used [0x00000000e4000000,0x00000000e471ea38,0x00000000e4a80000)
  to   space 10752K, 0% used [0x00000000e8a80000,0x00000000e8a80000,0x00000000e9500000)
 ParOldGen       total 175104K, used 16K [0x00000000a0000000, 0x00000000aab00000, 0x00000000e0000000)
  object space 175104K, 0% used [0x00000000a0000000,0x00000000a0004000,0x00000000aab00000)
 Metaspace       used 16233K, capacity 16662K, committed 16896K, reserved 1062912K
  class space    used 2309K, capacity 2491K, committed 2560K, reserved 1048576K
Event: 1.898 GC heap after
Heap after GC invocations=2 (full 0):
 PSYoungGen      total 141824K, used 10721K [0x00000000e0000000, 0x00000000e9500000, 0x0000000100000000)
  eden space 131072K, 0% used [0x00000000e0000000,0x00000000e0000000,0x00000000e8000000)
  from space 10752K, 99% used [0x00000000e8a80000,0x00000000e94f87f8,0x00000000e9500000)
  to   space 10752K, 0% used [0x00000000e8000000,0x00000000e8000000,0x00000000e8a80000)
 ParOldGen       total 175104K, used 252K [0x00000000a0000000, 0x00000000aab00000, 0x00000000e0000000)
  object space 175104K, 0% used [0x00000000a0000000,0x00000000a003f328,0x00000000aab00000)
 Metaspace       used 16233K, capacity 16662K, committed 16896K, reserved 1062912K
  class space    used 2309K, capacity 2491K, committed 2560K, reserved 1048576K
}
Event: 2.313 GC heap before
{Heap before GC invocations=3 (full 0):
 PSYoungGen      total 141824K, used 52781K [0x00000000e0000000, 0x00000000e9500000, 0x0000000100000000)
  eden space 131072K, 32% used [0x00000000e0000000,0x00000000e2912c18,0x00000000e8000000)
  from space 10752K, 99% used [0x00000000e8a80000,0x00000000e94f87f8,0x00000000e9500000)
  to   space 10752K, 0% used [0x00000000e8000000,0x00000000e8000000,0x00000000e8a80000)
 ParOldGen       total 175104K, used 252K [0x00000000a0000000, 0x00000000aab00000, 0x00000000e0000000)
  object space 175104K, 0% used [0x00000000a0000000,0x00000000a003f328,0x00000000aab00000)
 Metaspace       used 20732K, capacity 21218K, committed 21248K, reserved 1067008K
  class space    used 2886K, capacity 3057K, committed 3072K, reserved 1048576K
Event: 2.319 GC heap after
Heap after GC invocations=3 (full 0):
 PSYoungGen      total 141824K, used 10430K [0x00000000e0000000, 0x00000000f1500000, 0x0000000100000000)
  eden space 131072K, 0% used [0x00000000e0000000,0x00000000e0000000,0x00000000e8000000)
  from space 10752K, 97% used [0x00000000e8000000,0x00000000e8a2f910,0x00000000e8a80000)
  to   space 10752K, 0% used [0x00000000f0a80000,0x00000000f0a80000,0x00000000f1500000)
 ParOldGen       total 175104K, used 260K [0x00000000a0000000, 0x00000000aab00000, 0x00000000e0000000)
  object space 175104K, 0% used [0x00000000a0000000,0x00000000a0041328,0x00000000aab00000)
 Metaspace       used 20732K, capacity 21218K, committed 21248K, reserved 1067008K
  class space    used 2886K, capacity 3057K, committed 3072K, reserved 1048576K
}
Event: 2.319 GC heap before
{Heap before GC invocations=4 (full 1):
 PSYoungGen      total 141824K, used 10430K [0x00000000e0000000, 0x00000000f1500000, 0x0000000100000000)
  eden space 131072K, 0% used [0x00000000e0000000,0x00000000e0000000,0x00000000e8000000)
  from space 10752K, 97% used [0x00000000e8000000,0x00000000e8a2f910,0x00000000e8a80000)
  to   space 10752K, 0% used [0x00000000f0a80000,0x00000000f0a80000,0x00000000f1500000)
 ParOldGen       total 175104K, used 260K [0x00000000a0000000, 0x00000000aab00000, 0x00000000e0000000)
  object space 175104K, 0% used [0x00000000a0000000,0x00000000a0041328,0x00000000aab00000)
 Metaspace       used 20732K, capacity 21218K, committed 21248K, reserved 1067008K
  class space    used 2886K, capacity 3057K, committed 3072K, reserved 1048576K
Event: 2.342 GC heap after
Heap after GC invocations=4 (full 1):
 PSYoungGen      total 141824K, used 0K [0x00000000e0000000, 0x00000000f1500000, 0x0000000100000000)
  eden space 131072K, 0% used [0x00000000e0000000,0x00000000e0000000,0x00000000e8000000)
  from space 10752K, 0% used [0x00000000e8000000,0x00000000e8000000,0x00000000e8a80000)
  to   space 10752K, 0% used [0x00000000f0a80000,0x00000000f0a80000,0x00000000f1500000)
 ParOldGen       total 103936K, used 10179K [0x00000000a0000000, 0x00000000a6580000, 0x00000000e0000000)
  object space 103936K, 9% used [0x00000000a0000000,0x00000000a09f0d78,0x00000000a6580000)
 Metaspace       used 20732K, capacity 21218K, committed 21248K, reserved 1067008K
  class space    used 2886K, capacity 3057K, committed 3072K, reserved 1048576K
}

